This file contains any messages produced by compilers while
running configure, to aid debugging if configure makes a mistake.

It was created by RISC-V Proxy Kernel configure 1.0.0, which was
generated by GNU Autoconf 2.69.  Invocation command line was

  $ ../configure --prefix=/home/mashahed/projects/cva6/cva6/riscv64-unknown-elf-gcc-8.3.0-2020.04.0-x86_64-linux-ubuntu14 --host=riscv64-unknown-elf

## --------- ##
## Platform. ##
## --------- ##

hostname = ubuntu
uname -m = x86_64
uname -r = 5.13.0-28-generic
uname -s = Linux
uname -v = #31~20.04.1-Ubuntu SMP Wed Jan 19 14:08:10 UTC 2022

/usr/bin/uname -p = x86_64
/bin/uname -X     = unknown

/bin/arch              = x86_64
/usr/bin/arch -k       = unknown
/usr/convex/getsysinfo = unknown
/usr/bin/hostinfo      = unknown
/bin/machine           = unknown
/usr/bin/oslevel       = unknown
/bin/universe          = unknown

PATH: /home/mashahed/projects/cva6/cva6/riscv64-unknown-elf-gcc-8.3.0-2020.04.0-x86_64-linux-ubuntu14/bin
PATH: /bin
PATH: /usr/local/sbin
PATH: /usr/local/bin
PATH: /usr/sbin
PATH: /usr/bin
PATH: /sbin
PATH: /bin
PATH: /usr/games
PATH: /usr/local/games
PATH: /snap/bin


## ----------- ##
## Core tests. ##
## ----------- ##

configure:1981: checking build system type
configure:1995: result: x86_64-pc-linux-gnu
configure:2015: checking host system type
configure:2028: result: riscv64-unknown-elf
configure:2061: checking for riscv64-unknown-elf-gcc
configure:2077: found /home/mashahed/projects/cva6/cva6/riscv64-unknown-elf-gcc-8.3.0-2020.04.0-x86_64-linux-ubuntu14/bin/riscv64-unknown-elf-gcc
configure:2088: result: riscv64-unknown-elf-gcc
configure:2357: checking for C compiler version
configure:2366: riscv64-unknown-elf-gcc --version >&5
riscv64-unknown-elf-gcc (SiFive GCC 8.3.0-2020.04.0) 8.3.0
Copyright (C) 2018 Free Software Foundation, Inc.
This is free software; see the source for copying conditions.  There is NO
warranty; not even for MERCHANTABILITY or FITNESS FOR A PARTICULAR PURPOSE.

configure:2377: $? = 0
configure:2366: riscv64-unknown-elf-gcc -v >&5
Using built-in specs.
COLLECT_GCC=riscv64-unknown-elf-gcc
COLLECT_LTO_WRAPPER=/home/mashahed/projects/cva6/cva6/riscv64-unknown-elf-gcc-8.3.0-2020.04.0-x86_64-linux-ubuntu14/bin/../libexec/gcc/riscv64-unknown-elf/8.3.0/lto-wrapper
Target: riscv64-unknown-elf
Configured with: /scratch/jenkins/workspace/tpp-freedom-tools/tpp03--toolchain-only-package--scratch-carsteng/obj/x86_64-linux-ubuntu14/build/riscv-gnu-toolchain/riscv-gcc/configure --target=riscv64-unknown-elf --host=x86_64-linux-gnu --prefix=/scratch/jenkins/workspace/tpp-freedom-tools/tpp03--toolchain-only-package--scratch-carsteng/obj/x86_64-linux-ubuntu14/install/riscv64-unknown-elf-gcc-8.3.0-2020.04.0-x86_64-linux-ubuntu14 --with-pkgversion='SiFive GCC 8.3.0-2020.04.0' --with-bugurl=https://github.com/sifive/freedom-tools/issues --disable-shared --disable-threads --enable-languages=c,c++ --enable-tls --with-newlib --with-sysroot=/scratch/jenkins/workspace/tpp-freedom-tools/tpp03--toolchain-only-package--scratch-carsteng/obj/x86_64-linux-ubuntu14/install/riscv64-unknown-elf-gcc-8.3.0-2020.04.0-x86_64-linux-ubuntu14/riscv64-unknown-elf --with-native-system-header-dir=/include --disable-libmudflap --disable-libssp --disable-libquadmath --disable-libgomp --disable-nls --disable-tm-clone-registry --src=../riscv-gcc --with-system-zlib --enable-checking=yes --enable-multilib --with-abi=lp64d --with-arch=rv64imafdc CFLAGS=-O2 CXXFLAGS=-O2 'CFLAGS_FOR_TARGET=-Os  -mcmodel=medany' 'CXXFLAGS_FOR_TARGET=-Os  -mcmodel=medany'
Thread model: single
gcc version 8.3.0 (SiFive GCC 8.3.0-2020.04.0) 
configure:2377: $? = 0
configure:2366: riscv64-unknown-elf-gcc -V >&5
riscv64-unknown-elf-gcc: error: unrecognized command line option '-V'
riscv64-unknown-elf-gcc: fatal error: no input files
compilation terminated.
configure:2377: $? = 1
configure:2366: riscv64-unknown-elf-gcc -qversion >&5
riscv64-unknown-elf-gcc: error: unrecognized command line option '-qversion'; did you mean '--version'?
riscv64-unknown-elf-gcc: fatal error: no input files
compilation terminated.
configure:2377: $? = 1
configure:2397: checking whether the C compiler works
configure:2419: riscv64-unknown-elf-gcc    conftest.c  >&5
configure:2423: $? = 0
configure:2471: result: yes
configure:2474: checking for C compiler default output file name
configure:2476: result: a.out
configure:2482: checking for suffix of executables
configure:2489: riscv64-unknown-elf-gcc -o conftest    conftest.c  >&5
configure:2493: $? = 0
configure:2515: result: 
configure:2537: checking whether we are cross compiling
configure:2545: riscv64-unknown-elf-gcc -o conftest    conftest.c  >&5
configure:2549: $? = 0
configure:2556: ./conftest
../configure: line 2558: ./conftest: cannot execute binary file: Exec format error
configure:2560: $? = 126
configure:2548: result: yes
configure:2553: checking for suffix of object files
configure:2575: riscv64-unknown-elf-gcc -c   conftest.c >&5
configure:2579: $? = 0
configure:2600: result: o
configure:2604: checking whether we are using the GNU C compiler
configure:2623: riscv64-unknown-elf-gcc -c   conftest.c >&5
configure:2623: $? = 0
configure:2632: result: yes
configure:2641: checking whether riscv64-unknown-elf-gcc accepts -g
configure:2661: riscv64-unknown-elf-gcc -c -g  conftest.c >&5
configure:2661: $? = 0
configure:2702: result: yes
configure:2719: checking for riscv64-unknown-elf-gcc option to accept ISO C89
configure:2782: riscv64-unknown-elf-gcc  -c -g -O2  conftest.c >&5
configure:2782: $? = 0
configure:2795: result: none needed
configure:2829: checking for riscv64-unknown-elf-g++
configure:2845: found /home/mashahed/projects/cva6/cva6/riscv64-unknown-elf-gcc-8.3.0-2020.04.0-x86_64-linux-ubuntu14/bin/riscv64-unknown-elf-g++
configure:2856: result: riscv64-unknown-elf-g++
configure:2927: checking for C++ compiler version
configure:2936: riscv64-unknown-elf-g++ --version >&5
riscv64-unknown-elf-g++ (SiFive GCC 8.3.0-2020.04.0) 8.3.0
Copyright (C) 2018 Free Software Foundation, Inc.
This is free software; see the source for copying conditions.  There is NO
warranty; not even for MERCHANTABILITY or FITNESS FOR A PARTICULAR PURPOSE.

configure:2947: $? = 0
configure:2936: riscv64-unknown-elf-g++ -v >&5
Using built-in specs.
COLLECT_GCC=riscv64-unknown-elf-g++
COLLECT_LTO_WRAPPER=/home/mashahed/projects/cva6/cva6/riscv64-unknown-elf-gcc-8.3.0-2020.04.0-x86_64-linux-ubuntu14/bin/../libexec/gcc/riscv64-unknown-elf/8.3.0/lto-wrapper
Target: riscv64-unknown-elf
Configured with: /scratch/jenkins/workspace/tpp-freedom-tools/tpp03--toolchain-only-package--scratch-carsteng/obj/x86_64-linux-ubuntu14/build/riscv-gnu-toolchain/riscv-gcc/configure --target=riscv64-unknown-elf --host=x86_64-linux-gnu --prefix=/scratch/jenkins/workspace/tpp-freedom-tools/tpp03--toolchain-only-package--scratch-carsteng/obj/x86_64-linux-ubuntu14/install/riscv64-unknown-elf-gcc-8.3.0-2020.04.0-x86_64-linux-ubuntu14 --with-pkgversion='SiFive GCC 8.3.0-2020.04.0' --with-bugurl=https://github.com/sifive/freedom-tools/issues --disable-shared --disable-threads --enable-languages=c,c++ --enable-tls --with-newlib --with-sysroot=/scratch/jenkins/workspace/tpp-freedom-tools/tpp03--toolchain-only-package--scratch-carsteng/obj/x86_64-linux-ubuntu14/install/riscv64-unknown-elf-gcc-8.3.0-2020.04.0-x86_64-linux-ubuntu14/riscv64-unknown-elf --with-native-system-header-dir=/include --disable-libmudflap --disable-libssp --disable-libquadmath --disable-libgomp --disable-nls --disable-tm-clone-registry --src=../riscv-gcc --with-system-zlib --enable-checking=yes --enable-multilib --with-abi=lp64d --with-arch=rv64imafdc CFLAGS=-O2 CXXFLAGS=-O2 'CFLAGS_FOR_TARGET=-Os  -mcmodel=medany' 'CXXFLAGS_FOR_TARGET=-Os  -mcmodel=medany'
Thread model: single
gcc version 8.3.0 (SiFive GCC 8.3.0-2020.04.0) 
configure:2947: $? = 0
configure:2936: riscv64-unknown-elf-g++ -V >&5
riscv64-unknown-elf-g++: error: unrecognized command line option '-V'
riscv64-unknown-elf-g++: fatal error: no input files
compilation terminated.
configure:2947: $? = 1
configure:2936: riscv64-unknown-elf-g++ -qversion >&5
riscv64-unknown-elf-g++: error: unrecognized command line option '-qversion'; did you mean '--version'?
riscv64-unknown-elf-g++: fatal error: no input files
compilation terminated.
configure:2947: $? = 1
configure:2951: checking whether we are using the GNU C++ compiler
configure:2970: riscv64-unknown-elf-g++ -c   conftest.cpp >&5
configure:2970: $? = 0
configure:2979: result: yes
configure:2988: checking whether riscv64-unknown-elf-g++ accepts -g
configure:3008: riscv64-unknown-elf-g++ -c -g  conftest.cpp >&5
configure:3008: $? = 0
configure:3049: result: yes
configure:3075: checking for riscv64-unknown-elf-ar
configure:3091: found /home/mashahed/projects/cva6/cva6/riscv64-unknown-elf-gcc-8.3.0-2020.04.0-x86_64-linux-ubuntu14/bin/riscv64-unknown-elf-ar
configure:3102: result: riscv64-unknown-elf-ar
configure:3167: checking for riscv64-unknown-elf-ranlib
configure:3183: found /home/mashahed/projects/cva6/cva6/riscv64-unknown-elf-gcc-8.3.0-2020.04.0-x86_64-linux-ubuntu14/bin/riscv64-unknown-elf-ranlib
configure:3194: result: riscv64-unknown-elf-ranlib
configure:3259: checking for riscv64-unknown-elf-readelf
configure:3275: found /home/mashahed/projects/cva6/cva6/riscv64-unknown-elf-gcc-8.3.0-2020.04.0-x86_64-linux-ubuntu14/bin/riscv64-unknown-elf-readelf
configure:3286: result: riscv64-unknown-elf-readelf
configure:3351: checking for riscv64-unknown-elf-objcopy
configure:3367: found /home/mashahed/projects/cva6/cva6/riscv64-unknown-elf-gcc-8.3.0-2020.04.0-x86_64-linux-ubuntu14/bin/riscv64-unknown-elf-objcopy
configure:3378: result: riscv64-unknown-elf-objcopy
configure:3462: checking for a BSD-compatible install
configure:3530: result: /bin/install -c
configure:3671: checking how to run the C preprocessor
configure:3702: riscv64-unknown-elf-gcc -E  conftest.c
configure:3702: $? = 0
configure:3716: riscv64-unknown-elf-gcc -E  conftest.c
conftest.c:9:10: fatal error: ac_nonexistent.h: No such file or directory
 #include <ac_nonexistent.h>
          ^~~~~~~~~~~~~~~~~~
compilation terminated.
configure:3716: $? = 1
configure: failed program was:
| /* confdefs.h */
| #define PACKAGE_NAME "RISC-V Proxy Kernel"
| #define PACKAGE_TARNAME "riscv-pk"
| #define PACKAGE_VERSION "1.0.0"
| #define PACKAGE_STRING "RISC-V Proxy Kernel 1.0.0"
| #define PACKAGE_BUGREPORT "Andrew Waterman"
| #define PACKAGE_URL ""
| /* end confdefs.h.  */
| #include <ac_nonexistent.h>
configure:3741: result: riscv64-unknown-elf-gcc -E
configure:3761: riscv64-unknown-elf-gcc -E  conftest.c
configure:3761: $? = 0
configure:3775: riscv64-unknown-elf-gcc -E  conftest.c
conftest.c:9:10: fatal error: ac_nonexistent.h: No such file or directory
 #include <ac_nonexistent.h>
          ^~~~~~~~~~~~~~~~~~
compilation terminated.
configure:3775: $? = 1
configure: failed program was:
| /* confdefs.h */
| #define PACKAGE_NAME "RISC-V Proxy Kernel"
| #define PACKAGE_TARNAME "riscv-pk"
| #define PACKAGE_VERSION "1.0.0"
| #define PACKAGE_STRING "RISC-V Proxy Kernel 1.0.0"
| #define PACKAGE_BUGREPORT "Andrew Waterman"
| #define PACKAGE_URL ""
| /* end confdefs.h.  */
| #include <ac_nonexistent.h>
configure:3804: checking for grep that handles long lines and -e
configure:3862: result: /bin/grep
configure:3867: checking for egrep
configure:3929: result: /bin/grep -E
configure:3934: checking for ANSI C header files
configure:3954: riscv64-unknown-elf-gcc -c -g -O2  conftest.c >&5
configure:3954: $? = 0
configure:4038: result: yes
configure:4176: configuring default subproject : pk
configure:4235: configuring default subproject : bbl
configure:4341: configuring default subproject : softfloat
configure:4386: configuring default subproject : dummy_payload
configure:4431: configuring default subproject : machine
configure:4502: configuring default subproject : util
configure:4648: creating ./config.status

## ---------------------- ##
## Running config.status. ##
## ---------------------- ##

This file was extended by RISC-V Proxy Kernel config.status 1.0.0, which was
generated by GNU Autoconf 2.69.  Invocation command line was

  CONFIG_FILES    = 
  CONFIG_HEADERS  = 
  CONFIG_LINKS    = 
  CONFIG_COMMANDS = 
  $ ./config.status 

on ubuntu

config.status:833: creating pk.mk
config.status:833: creating bbl.mk
config.status:833: creating softfloat.mk
config.status:833: creating dummy_payload.mk
config.status:833: creating machine.mk
config.status:833: creating util.mk
config.status:833: creating Makefile
config.status:833: creating config.h

## ---------------- ##
## Cache variables. ##
## ---------------- ##

ac_cv_build=x86_64-pc-linux-gnu
ac_cv_c_compiler_gnu=yes
ac_cv_cxx_compiler_gnu=yes
ac_cv_env_CCC_set=
ac_cv_env_CCC_value=
ac_cv_env_CC_set=
ac_cv_env_CC_value=
ac_cv_env_CFLAGS_set=
ac_cv_env_CFLAGS_value=
ac_cv_env_CPPFLAGS_set=
ac_cv_env_CPPFLAGS_value=
ac_cv_env_CPP_set=
ac_cv_env_CPP_value=
ac_cv_env_CXXFLAGS_set=
ac_cv_env_CXXFLAGS_value=
ac_cv_env_CXX_set=
ac_cv_env_CXX_value=
ac_cv_env_LDFLAGS_set=
ac_cv_env_LDFLAGS_value=
ac_cv_env_LIBS_set=
ac_cv_env_LIBS_value=
ac_cv_env_RISCV_set=set
ac_cv_env_RISCV_value=/home/mashahed/projects/cva6/cva6/riscv64-unknown-elf-gcc-8.3.0-2020.04.0-x86_64-linux-ubuntu14
ac_cv_env_STOW_PREFIX_set=
ac_cv_env_STOW_PREFIX_value=
ac_cv_env_STOW_ROOT_set=
ac_cv_env_STOW_ROOT_value=
ac_cv_env_build_alias_set=
ac_cv_env_build_alias_value=
ac_cv_env_host_alias_set=set
ac_cv_env_host_alias_value=riscv64-unknown-elf
ac_cv_env_target_alias_set=
ac_cv_env_target_alias_value=
ac_cv_header_stdc=yes
ac_cv_host=riscv64-unknown-elf
ac_cv_objext=o
ac_cv_path_EGREP='/bin/grep -E'
ac_cv_path_GREP=/bin/grep
ac_cv_path_install='/bin/install -c'
ac_cv_prog_AR=riscv64-unknown-elf-ar
ac_cv_prog_CC=riscv64-unknown-elf-gcc
ac_cv_prog_CPP='riscv64-unknown-elf-gcc -E'
ac_cv_prog_CXX=riscv64-unknown-elf-g++
ac_cv_prog_OBJCOPY=riscv64-unknown-elf-objcopy
ac_cv_prog_RANLIB=riscv64-unknown-elf-ranlib
ac_cv_prog_READELF=riscv64-unknown-elf-readelf
ac_cv_prog_cc_c89=
ac_cv_prog_cc_g=yes
ac_cv_prog_cxx_g=yes

## ----------------- ##
## Output variables. ##
## ----------------- ##

AR='riscv64-unknown-elf-ar'
BBL_ENABLE_LOGO=''
BBL_LOGO_FILE='riscv_logo.txt'
BBL_PAYLOAD='dummy_payload'
CC='riscv64-unknown-elf-gcc'
CFLAGS='-Wall -Werror -D__NO_INLINE__ -mcmodel=medany -O2 -std=gnu99 -Wno-unused -Wno-attributes -fno-delete-null-pointer-checks -fno-PIE'
CPP='riscv64-unknown-elf-gcc -E'
CPPFLAGS=''
CUSTOM_DTS='no'
CXX='riscv64-unknown-elf-g++'
CXXFLAGS='-g -O2'
DEFS='-DHAVE_CONFIG_H'
ECHO_C=''
ECHO_N='-n'
ECHO_T=''
EGREP='/bin/grep -E'
EXEEXT=''
GREP='/bin/grep'
INSTALL_DATA='${INSTALL} -m 644'
INSTALL_PROGRAM='${INSTALL}'
INSTALL_SCRIPT='${INSTALL}'
LDFLAGS=' -Wl,--build-id=none'
LIBOBJS=''
LIBS='-lgcc'
LTLIBOBJS=''
MEM_START='0x80000000'
OBJCOPY='riscv64-unknown-elf-objcopy'
OBJEXT='o'
PACKAGE_BUGREPORT='Andrew Waterman'
PACKAGE_NAME='RISC-V Proxy Kernel'
PACKAGE_STRING='RISC-V Proxy Kernel 1.0.0'
PACKAGE_TARNAME='riscv-pk'
PACKAGE_URL=''
PACKAGE_VERSION='1.0.0'
PATH_SEPARATOR=':'
RANLIB='riscv64-unknown-elf-ranlib'
READELF='riscv64-unknown-elf-readelf'
RISCV='/home/mashahed/projects/cva6/cva6/riscv64-unknown-elf-gcc-8.3.0-2020.04.0-x86_64-linux-ubuntu14'
SHELL='/bin/bash'
STOW_PREFIX=''
STOW_ROOT=''
WITH_ABI=''
WITH_ARCH=''
ac_ct_CC=''
ac_ct_CXX=''
bindir='${exec_prefix}/bin'
build='x86_64-pc-linux-gnu'
build_alias=''
build_cpu='x86_64'
build_os='linux-gnu'
build_vendor='pc'
datadir='${datarootdir}'
datarootdir='${prefix}/share'
docdir='${datarootdir}/doc/${PACKAGE_TARNAME}'
dvidir='${docdir}'
enable_stow='no'
exec_prefix='${prefix}'
host='riscv64-unknown-elf'
host_alias='riscv64-unknown-elf'
host_cpu='riscv64'
host_os='elf'
host_vendor='unknown'
htmldir='${docdir}'
includedir='${prefix}/include'
infodir='${datarootdir}/info'
libdir='${exec_prefix}/lib'
libexecdir='${exec_prefix}/libexec'
localedir='${datarootdir}/locale'
localstatedir='${prefix}/var'
mandir='${datarootdir}/man'
oldincludedir='/usr/include'
pdfdir='${docdir}'
prefix='/home/mashahed/projects/cva6/cva6/riscv64-unknown-elf-gcc-8.3.0-2020.04.0-x86_64-linux-ubuntu14'
program_transform_name='s,x,x,'
psdir='${docdir}'
runstatedir='${localstatedir}/run'
sbindir='${exec_prefix}/sbin'
sharedstatedir='${prefix}/com'
stow=''
subprojects=' pk bbl softfloat dummy_payload machine util'
subprojects_enabled=' pk bbl softfloat dummy_payload machine util'
sysconfdir='${prefix}/etc'
target_alias=''

## ----------- ##
## confdefs.h. ##
## ----------- ##

/* confdefs.h */
#define PACKAGE_NAME "RISC-V Proxy Kernel"
#define PACKAGE_TARNAME "riscv-pk"
#define PACKAGE_VERSION "1.0.0"
#define PACKAGE_STRING "RISC-V Proxy Kernel 1.0.0"
#define PACKAGE_BUGREPORT "Andrew Waterman"
#define PACKAGE_URL ""
#define STDC_HEADERS 1
#define PK_ENABLED /**/
#define PK_ENABLE_VM /**/
#define BBL_ENABLED /**/
#define RELAXED_ALIGNMENT 1
#define SOFTFLOAT_ENABLED /**/
#define DUMMY_PAYLOAD_ENABLED /**/
#define MACHINE_ENABLED /**/
#define PK_ENABLE_FP_EMULATION /**/
#define UTIL_ENABLED /**/

configure: exit 0
