This file contains any messages produced by compilers while
running configure, to aid debugging if configure makes a mistake.

It was created by RISC-V ISA Simulator configure ?, which was
generated by GNU Autoconf 2.69.  Invocation command line was

  $ ../configure --prefix=/home/mashahed/projects/cva6/cva6/riscv64-unknown-elf-gcc-8.3.0-2020.04.0-x86_64-linux-ubuntu14/

## --------- ##
## Platform. ##
## --------- ##

hostname = ubuntu
uname -m = x86_64
uname -r = 5.13.0-28-generic
uname -s = Linux
uname -v = #31~20.04.1-Ubuntu SMP Wed Jan 19 14:08:10 UTC 2022

/usr/bin/uname -p = x86_64
/bin/uname -X     = unknown

/bin/arch              = x86_64
/usr/bin/arch -k       = unknown
/usr/convex/getsysinfo = unknown
/usr/bin/hostinfo      = unknown
/bin/machine           = unknown
/usr/bin/oslevel       = unknown
/bin/universe          = unknown

PATH: /usr/local/sbin
PATH: /usr/local/bin
PATH: /usr/sbin
PATH: /usr/bin
PATH: /sbin
PATH: /bin
PATH: /usr/games
PATH: /usr/local/games
PATH: /snap/bin


## ----------- ##
## Core tests. ##
## ----------- ##

configure:2139: checking build system type
configure:2153: result: x86_64-pc-linux-gnu
configure:2173: checking host system type
configure:2186: result: x86_64-pc-linux-gnu
configure:2405: checking for gcc
configure:2421: found /usr/bin/gcc
configure:2432: result: gcc
configure:2661: checking for C compiler version
configure:2670: gcc --version >&5
gcc (Ubuntu 9.3.0-17ubuntu1~20.04) 9.3.0
Copyright (C) 2019 Free Software Foundation, Inc.
This is free software; see the source for copying conditions.  There is NO
warranty; not even for MERCHANTABILITY or FITNESS FOR A PARTICULAR PURPOSE.

configure:2681: $? = 0
configure:2670: gcc -v >&5
Using built-in specs.
COLLECT_GCC=gcc
COLLECT_LTO_WRAPPER=/usr/lib/gcc/x86_64-linux-gnu/9/lto-wrapper
OFFLOAD_TARGET_NAMES=nvptx-none:hsa
OFFLOAD_TARGET_DEFAULT=1
Target: x86_64-linux-gnu
Configured with: ../src/configure -v --with-pkgversion='Ubuntu 9.3.0-17ubuntu1~20.04' --with-bugurl=file:///usr/share/doc/gcc-9/README.Bugs --enable-languages=c,ada,c++,go,brig,d,fortran,objc,obj-c++,gm2 --prefix=/usr --with-gcc-major-version-only --program-suffix=-9 --program-prefix=x86_64-linux-gnu- --enable-shared --enable-linker-build-id --libexecdir=/usr/lib --without-included-gettext --enable-threads=posix --libdir=/usr/lib --enable-nls --enable-clocale=gnu --enable-libstdcxx-debug --enable-libstdcxx-time=yes --with-default-libstdcxx-abi=new --enable-gnu-unique-object --disable-vtable-verify --enable-plugin --enable-default-pie --with-system-zlib --with-target-system-zlib=auto --enable-objc-gc=auto --enable-multiarch --disable-werror --with-arch-32=i686 --with-abi=m64 --with-multilib-list=m32,m64,mx32 --enable-multilib --with-tune=generic --enable-offload-targets=nvptx-none=/build/gcc-9-HskZEa/gcc-9-9.3.0/debian/tmp-nvptx/usr,hsa --without-cuda-driver --enable-checking=release --build=x86_64-linux-gnu --host=x86_64-linux-gnu --target=x86_64-linux-gnu
Thread model: posix
gcc version 9.3.0 (Ubuntu 9.3.0-17ubuntu1~20.04) 
configure:2681: $? = 0
configure:2670: gcc -V >&5
gcc: error: unrecognized command line option '-V'
gcc: fatal error: no input files
compilation terminated.
configure:2681: $? = 1
configure:2670: gcc -qversion >&5
gcc: error: unrecognized command line option '-qversion'; did you mean '--version'?
gcc: fatal error: no input files
compilation terminated.
configure:2681: $? = 1
configure:2701: checking whether the C compiler works
configure:2723: gcc    conftest.c  >&5
configure:2727: $? = 0
configure:2775: result: yes
configure:2778: checking for C compiler default output file name
configure:2780: result: a.out
configure:2786: checking for suffix of executables
configure:2793: gcc -o conftest    conftest.c  >&5
configure:2797: $? = 0
configure:2819: result: 
configure:2841: checking whether we are cross compiling
configure:2849: gcc -o conftest    conftest.c  >&5
configure:2853: $? = 0
configure:2860: ./conftest
configure:2864: $? = 0
configure:2852: result: no
configure:2857: checking for suffix of object files
configure:2879: gcc -c   conftest.c >&5
configure:2883: $? = 0
configure:2904: result: o
configure:2908: checking whether we are using the GNU C compiler
configure:2927: gcc -c   conftest.c >&5
configure:2927: $? = 0
configure:2936: result: yes
configure:2945: checking whether gcc accepts -g
configure:2965: gcc -c -g  conftest.c >&5
configure:2965: $? = 0
configure:3006: result: yes
configure:3023: checking for gcc option to accept ISO C89
configure:3086: gcc  -c -g -O2  conftest.c >&5
configure:3086: $? = 0
configure:3099: result: none needed
configure:3177: checking for g++
configure:3193: found /usr/bin/g++
configure:3204: result: g++
configure:3231: checking for C++ compiler version
configure:3240: g++ --version >&5
g++ (Ubuntu 9.3.0-17ubuntu1~20.04) 9.3.0
Copyright (C) 2019 Free Software Foundation, Inc.
This is free software; see the source for copying conditions.  There is NO
warranty; not even for MERCHANTABILITY or FITNESS FOR A PARTICULAR PURPOSE.

configure:3251: $? = 0
configure:3240: g++ -v >&5
Using built-in specs.
COLLECT_GCC=g++
COLLECT_LTO_WRAPPER=/usr/lib/gcc/x86_64-linux-gnu/9/lto-wrapper
OFFLOAD_TARGET_NAMES=nvptx-none:hsa
OFFLOAD_TARGET_DEFAULT=1
Target: x86_64-linux-gnu
Configured with: ../src/configure -v --with-pkgversion='Ubuntu 9.3.0-17ubuntu1~20.04' --with-bugurl=file:///usr/share/doc/gcc-9/README.Bugs --enable-languages=c,ada,c++,go,brig,d,fortran,objc,obj-c++,gm2 --prefix=/usr --with-gcc-major-version-only --program-suffix=-9 --program-prefix=x86_64-linux-gnu- --enable-shared --enable-linker-build-id --libexecdir=/usr/lib --without-included-gettext --enable-threads=posix --libdir=/usr/lib --enable-nls --enable-clocale=gnu --enable-libstdcxx-debug --enable-libstdcxx-time=yes --with-default-libstdcxx-abi=new --enable-gnu-unique-object --disable-vtable-verify --enable-plugin --enable-default-pie --with-system-zlib --with-target-system-zlib=auto --enable-objc-gc=auto --enable-multiarch --disable-werror --with-arch-32=i686 --with-abi=m64 --with-multilib-list=m32,m64,mx32 --enable-multilib --with-tune=generic --enable-offload-targets=nvptx-none=/build/gcc-9-HskZEa/gcc-9-9.3.0/debian/tmp-nvptx/usr,hsa --without-cuda-driver --enable-checking=release --build=x86_64-linux-gnu --host=x86_64-linux-gnu --target=x86_64-linux-gnu
Thread model: posix
gcc version 9.3.0 (Ubuntu 9.3.0-17ubuntu1~20.04) 
configure:3251: $? = 0
configure:3240: g++ -V >&5
g++: error: unrecognized command line option '-V'
g++: fatal error: no input files
compilation terminated.
configure:3251: $? = 1
configure:3240: g++ -qversion >&5
g++: error: unrecognized command line option '-qversion'; did you mean '--version'?
g++: fatal error: no input files
compilation terminated.
configure:3251: $? = 1
configure:3255: checking whether we are using the GNU C++ compiler
configure:3274: g++ -c   conftest.cpp >&5
configure:3274: $? = 0
configure:3283: result: yes
configure:3292: checking whether g++ accepts -g
configure:3312: g++ -c -g  conftest.cpp >&5
configure:3312: $? = 0
configure:3353: result: yes
configure:3419: checking for ar
configure:3435: found /usr/bin/ar
configure:3446: result: ar
configure:3511: checking for ranlib
configure:3527: found /usr/bin/ranlib
configure:3538: result: ranlib
configure:3562: checking for dtc
configure:3580: found /usr/bin/dtc
configure:3593: result: /usr/bin/dtc
configure:3616: checking how to run the C++ preprocessor
configure:3643: g++ -E  conftest.cpp
configure:3643: $? = 0
configure:3657: g++ -E  conftest.cpp
conftest.cpp:10:10: fatal error: ac_nonexistent.h: No such file or directory
   10 | #include <ac_nonexistent.h>
      |          ^~~~~~~~~~~~~~~~~~
compilation terminated.
configure:3657: $? = 1
configure: failed program was:
| /* confdefs.h */
| #define PACKAGE_NAME "RISC-V ISA Simulator"
| #define PACKAGE_TARNAME "spike"
| #define PACKAGE_VERSION "?"
| #define PACKAGE_STRING "RISC-V ISA Simulator ?"
| #define PACKAGE_BUGREPORT "Andrew Waterman"
| #define PACKAGE_URL ""
| #define DTC "dtc"
| /* end confdefs.h.  */
| #include <ac_nonexistent.h>
configure:3682: result: g++ -E
configure:3702: g++ -E  conftest.cpp
configure:3702: $? = 0
configure:3716: g++ -E  conftest.cpp
conftest.cpp:10:10: fatal error: ac_nonexistent.h: No such file or directory
   10 | #include <ac_nonexistent.h>
      |          ^~~~~~~~~~~~~~~~~~
compilation terminated.
configure:3716: $? = 1
configure: failed program was:
| /* confdefs.h */
| #define PACKAGE_NAME "RISC-V ISA Simulator"
| #define PACKAGE_TARNAME "spike"
| #define PACKAGE_VERSION "?"
| #define PACKAGE_STRING "RISC-V ISA Simulator ?"
| #define PACKAGE_BUGREPORT "Andrew Waterman"
| #define PACKAGE_URL ""
| #define DTC "dtc"
| /* end confdefs.h.  */
| #include <ac_nonexistent.h>
configure:3745: checking for grep that handles long lines and -e
configure:3803: result: /usr/bin/grep
configure:3808: checking for egrep
configure:3870: result: /usr/bin/grep -E
configure:3875: checking for ANSI C header files
configure:3895: g++ -c -g -O2  conftest.cpp >&5
configure:3895: $? = 0
configure:3968: g++ -o conftest -g -O2   conftest.cpp  >&5
configure:3968: $? = 0
configure:3968: ./conftest
configure:3968: $? = 0
configure:3979: result: yes
configure:3992: checking for sys/types.h
configure:3992: g++ -c -g -O2  conftest.cpp >&5
configure:3992: $? = 0
configure:3992: result: yes
configure:3992: checking for sys/stat.h
configure:3992: g++ -c -g -O2  conftest.cpp >&5
configure:3992: $? = 0
configure:3992: result: yes
configure:3992: checking for stdlib.h
configure:3992: g++ -c -g -O2  conftest.cpp >&5
configure:3992: $? = 0
configure:3992: result: yes
configure:3992: checking for string.h
configure:3992: g++ -c -g -O2  conftest.cpp >&5
configure:3992: $? = 0
configure:3992: result: yes
configure:3992: checking for memory.h
configure:3992: g++ -c -g -O2  conftest.cpp >&5
configure:3992: $? = 0
configure:3992: result: yes
configure:3992: checking for strings.h
configure:3992: g++ -c -g -O2  conftest.cpp >&5
configure:3992: $? = 0
configure:3992: result: yes
configure:3992: checking for inttypes.h
configure:3992: g++ -c -g -O2  conftest.cpp >&5
configure:3992: $? = 0
configure:3992: result: yes
configure:3992: checking for stdint.h
configure:3992: g++ -c -g -O2  conftest.cpp >&5
configure:3992: $? = 0
configure:3992: result: yes
configure:3992: checking for unistd.h
configure:3992: g++ -c -g -O2  conftest.cpp >&5
configure:3992: $? = 0
configure:3992: result: yes
configure:4004: checking whether byte ordering is bigendian
configure:4019: g++ -c -g -O2  conftest.cpp >&5
conftest.cpp:21:9: error: expected unqualified-id before 'not' token
   21 |         not a universal capable compiler
      |         ^~~
configure:4019: $? = 1
configure: failed program was:
| /* confdefs.h */
| #define PACKAGE_NAME "RISC-V ISA Simulator"
| #define PACKAGE_TARNAME "spike"
| #define PACKAGE_VERSION "?"
| #define PACKAGE_STRING "RISC-V ISA Simulator ?"
| #define PACKAGE_BUGREPORT "Andrew Waterman"
| #define PACKAGE_URL ""
| #define DTC "dtc"
| #define STDC_HEADERS 1
| #define HAVE_SYS_TYPES_H 1
| #define HAVE_SYS_STAT_H 1
| #define HAVE_STDLIB_H 1
| #define HAVE_STRING_H 1
| #define HAVE_MEMORY_H 1
| #define HAVE_STRINGS_H 1
| #define HAVE_INTTYPES_H 1
| #define HAVE_STDINT_H 1
| #define HAVE_UNISTD_H 1
| /* end confdefs.h.  */
| #ifndef __APPLE_CC__
| 	       not a universal capable compiler
| 	     #endif
| 	     typedef int dummy;
| 
configure:4064: g++ -c -g -O2  conftest.cpp >&5
configure:4064: $? = 0
configure:4082: g++ -c -g -O2  conftest.cpp >&5
conftest.cpp: In function 'int main()':
conftest.cpp:27:8: error: 'big' was not declared in this scope
   27 |    not big endian
      |        ^~~
configure:4082: $? = 1
configure: failed program was:
| /* confdefs.h */
| #define PACKAGE_NAME "RISC-V ISA Simulator"
| #define PACKAGE_TARNAME "spike"
| #define PACKAGE_VERSION "?"
| #define PACKAGE_STRING "RISC-V ISA Simulator ?"
| #define PACKAGE_BUGREPORT "Andrew Waterman"
| #define PACKAGE_URL ""
| #define DTC "dtc"
| #define STDC_HEADERS 1
| #define HAVE_SYS_TYPES_H 1
| #define HAVE_SYS_STAT_H 1
| #define HAVE_STDLIB_H 1
| #define HAVE_STRING_H 1
| #define HAVE_MEMORY_H 1
| #define HAVE_STRINGS_H 1
| #define HAVE_INTTYPES_H 1
| #define HAVE_STDINT_H 1
| #define HAVE_UNISTD_H 1
| /* end confdefs.h.  */
| #include <sys/types.h>
| 		#include <sys/param.h>
| 
| int
| main ()
| {
| #if BYTE_ORDER != BIG_ENDIAN
| 		 not big endian
| 		#endif
| 
|   ;
|   return 0;
| }
configure:4210: result: no
configure:4250: checking for a BSD-compatible install
configure:4318: result: /usr/bin/install -c
configure:4357: checking for ANSI C header files
configure:4461: result: yes
configure:4474: checking for __int128_t
configure:4474: g++ -c -g -O2  conftest.cpp >&5
configure:4474: $? = 0
configure:4474: g++ -c -g -O2  conftest.cpp >&5
conftest.cpp: In function 'int main()':
conftest.cpp:57:24: error: expected primary-expression before ')' token
   57 | if (sizeof ((__int128_t)))
      |                        ^
configure:4474: $? = 1
configure: failed program was:
| /* confdefs.h */
| #define PACKAGE_NAME "RISC-V ISA Simulator"
| #define PACKAGE_TARNAME "spike"
| #define PACKAGE_VERSION "?"
| #define PACKAGE_STRING "RISC-V ISA Simulator ?"
| #define PACKAGE_BUGREPORT "Andrew Waterman"
| #define PACKAGE_URL ""
| #define DTC "dtc"
| #define STDC_HEADERS 1
| #define HAVE_SYS_TYPES_H 1
| #define HAVE_SYS_STAT_H 1
| #define HAVE_STDLIB_H 1
| #define HAVE_STRING_H 1
| #define HAVE_MEMORY_H 1
| #define HAVE_STRINGS_H 1
| #define HAVE_INTTYPES_H 1
| #define HAVE_STDINT_H 1
| #define HAVE_UNISTD_H 1
| #define STDC_HEADERS 1
| /* end confdefs.h.  */
| #include <stdio.h>
| #ifdef HAVE_SYS_TYPES_H
| # include <sys/types.h>
| #endif
| #ifdef HAVE_SYS_STAT_H
| # include <sys/stat.h>
| #endif
| #ifdef STDC_HEADERS
| # include <stdlib.h>
| # include <stddef.h>
| #else
| # ifdef HAVE_STDLIB_H
| #  include <stdlib.h>
| # endif
| #endif
| #ifdef HAVE_STRING_H
| # if !defined STDC_HEADERS && defined HAVE_MEMORY_H
| #  include <memory.h>
| # endif
| # include <string.h>
| #endif
| #ifdef HAVE_STRINGS_H
| # include <strings.h>
| #endif
| #ifdef HAVE_INTTYPES_H
| # include <inttypes.h>
| #endif
| #ifdef HAVE_STDINT_H
| # include <stdint.h>
| #endif
| #ifdef HAVE_UNISTD_H
| # include <unistd.h>
| #endif
| int
| main ()
| {
| if (sizeof ((__int128_t)))
| 	    return 0;
|   ;
|   return 0;
| }
configure:4474: result: yes
configure:4491: checking whether the linker accepts -Wl,--export-dynamic
configure:4510: g++ -o conftest -g -O2    -Wl,--export-dynamic conftest.cpp  >&5
configure:4510: $? = 0
configure:4520: result: yes
configure:4536: : LDFLAGS="$LDFLAGS"
configure:4539: $? = 0
configure:4614: configuring default subproject : fesvr
configure:4623: checking for pthread_create in -lpthread
configure:4648: g++ -o conftest -g -O2   -Wl,--export-dynamic conftest.cpp -lpthread   >&5
configure:4648: $? = 0
configure:4657: result: yes
configure:4706: configuring default subproject : riscv
configure:4774: checking for library containing dlopen
configure:4805: g++ -o conftest -g -O2   -Wl,--export-dynamic conftest.cpp -lpthread  >&5
/usr/bin/ld: /tmp/ccQkYnD5.o: in function `main':
/home/mashahed/projects/cva6/cva6/tmp/riscv-isa-sim/build/conftest.cpp:38: undefined reference to `dlopen'
collect2: error: ld returned 1 exit status
configure:4805: $? = 1
configure: failed program was:
| /* confdefs.h */
| #define PACKAGE_NAME "RISC-V ISA Simulator"
| #define PACKAGE_TARNAME "spike"
| #define PACKAGE_VERSION "?"
| #define PACKAGE_STRING "RISC-V ISA Simulator ?"
| #define PACKAGE_BUGREPORT "Andrew Waterman"
| #define PACKAGE_URL ""
| #define DTC "dtc"
| #define STDC_HEADERS 1
| #define HAVE_SYS_TYPES_H 1
| #define HAVE_SYS_STAT_H 1
| #define HAVE_STDLIB_H 1
| #define HAVE_STRING_H 1
| #define HAVE_MEMORY_H 1
| #define HAVE_STRINGS_H 1
| #define HAVE_INTTYPES_H 1
| #define HAVE_STDINT_H 1
| #define HAVE_UNISTD_H 1
| #define STDC_HEADERS 1
| #define FESVR_ENABLED /**/
| #define HAVE_LIBPTHREAD 1
| #define RISCV_ENABLED /**/
| #define DEFAULT_ISA "RV64IMAFDC"
| #define DEFAULT_PRIV "MSU"
| #define DEFAULT_VARCH "vlen:128,elen:64,slen:128"
| /* end confdefs.h.  */
| 
| /* Override any GCC internal prototype to avoid an error.
|    Use char because int might match the return type of a GCC
|    builtin and then its argument prototype would still apply.  */
| #ifdef __cplusplus
| extern "C"
| #endif
| char dlopen ();
| int
| main ()
| {
| return dlopen ();
|   ;
|   return 0;
| }
configure:4805: g++ -o conftest -g -O2   -Wl,--export-dynamic conftest.cpp -ldl  -lpthread  >&5
configure:4805: $? = 0
configure:4822: result: -ldl
configure:4837: checking for pthread_create in -lpthread
configure:4871: result: yes
configure:4985: configuring default subproject : disasm
configure:5030: configuring default subproject : customext
configure:5075: configuring default subproject : fdt
configure:5120: configuring default subproject : softfloat
configure:5165: configuring default subproject : spike_main
configure:5210: configuring default subproject : spike_dasm
configure:5361: creating ./config.status

## ---------------------- ##
## Running config.status. ##
## ---------------------- ##

This file was extended by RISC-V ISA Simulator config.status ?, which was
generated by GNU Autoconf 2.69.  Invocation command line was

  CONFIG_FILES    = 
  CONFIG_HEADERS  = 
  CONFIG_LINKS    = 
  CONFIG_COMMANDS = 
  $ ./config.status 

on ubuntu

config.status:845: creating fesvr.mk
config.status:845: creating riscv.mk
config.status:845: creating disasm.mk
config.status:845: creating customext.mk
config.status:845: creating fdt.mk
config.status:845: creating softfloat.mk
config.status:845: creating spike_main.mk
config.status:845: creating spike_dasm.mk
config.status:845: creating Makefile
config.status:845: creating riscv-fesvr.pc
config.status:845: creating riscv-disasm.pc
config.status:845: creating config.h

## ---------------- ##
## Cache variables. ##
## ---------------- ##

ac_cv_build=x86_64-pc-linux-gnu
ac_cv_c_bigendian=no
ac_cv_c_compiler_gnu=yes
ac_cv_cxx_compiler_gnu=yes
ac_cv_env_CCC_set=
ac_cv_env_CCC_value=
ac_cv_env_CC_set=
ac_cv_env_CC_value=
ac_cv_env_CFLAGS_set=
ac_cv_env_CFLAGS_value=
ac_cv_env_CPPFLAGS_set=
ac_cv_env_CPPFLAGS_value=
ac_cv_env_CXXCPP_set=
ac_cv_env_CXXCPP_value=
ac_cv_env_CXXFLAGS_set=
ac_cv_env_CXXFLAGS_value=
ac_cv_env_CXX_set=
ac_cv_env_CXX_value=
ac_cv_env_LDFLAGS_set=
ac_cv_env_LDFLAGS_value=
ac_cv_env_LIBS_set=
ac_cv_env_LIBS_value=
ac_cv_env_STOW_PREFIX_set=
ac_cv_env_STOW_PREFIX_value=
ac_cv_env_STOW_ROOT_set=
ac_cv_env_STOW_ROOT_value=
ac_cv_env_build_alias_set=
ac_cv_env_build_alias_value=
ac_cv_env_host_alias_set=
ac_cv_env_host_alias_value=
ac_cv_env_target_alias_set=
ac_cv_env_target_alias_value=
ac_cv_header_inttypes_h=yes
ac_cv_header_memory_h=yes
ac_cv_header_stdc=yes
ac_cv_header_stdint_h=yes
ac_cv_header_stdlib_h=yes
ac_cv_header_string_h=yes
ac_cv_header_strings_h=yes
ac_cv_header_sys_stat_h=yes
ac_cv_header_sys_types_h=yes
ac_cv_header_unistd_h=yes
ac_cv_host=x86_64-pc-linux-gnu
ac_cv_lib_pthread_pthread_create=yes
ac_cv_objext=o
ac_cv_path_DTC=/usr/bin/dtc
ac_cv_path_EGREP='/usr/bin/grep -E'
ac_cv_path_GREP=/usr/bin/grep
ac_cv_path_install='/usr/bin/install -c'
ac_cv_prog_CXXCPP='g++ -E'
ac_cv_prog_ac_ct_AR=ar
ac_cv_prog_ac_ct_CC=gcc
ac_cv_prog_ac_ct_CXX=g++
ac_cv_prog_ac_ct_RANLIB=ranlib
ac_cv_prog_cc_c89=
ac_cv_prog_cc_g=yes
ac_cv_prog_cxx_g=yes
ac_cv_search_dlopen=-ldl
ac_cv_type___int128_t=yes
ax_cv_check_ldflags___Wl___export_dynamic=yes

## ----------------- ##
## Output variables. ##
## ----------------- ##

AR='ar'
CC='gcc'
CFLAGS='-g -O2'
CPPFLAGS=''
CXX='g++'
CXXCPP='g++ -E'
CXXFLAGS='-g -O2'
DEFS='-DHAVE_CONFIG_H'
DTC='/usr/bin/dtc'
ECHO_C=''
ECHO_N='-n'
ECHO_T=''
EGREP='/usr/bin/grep -E'
EXEEXT=''
GREP='/usr/bin/grep'
HAVE_DLOPEN='yes'
HAVE_INT128='yes'
INSTALL_DATA='${INSTALL} -m 644'
INSTALL_PROGRAM='${INSTALL}'
INSTALL_SCRIPT='${INSTALL}'
LDFLAGS=' -Wl,--export-dynamic'
LIBOBJS=''
LIBS='-lpthread -ldl -lpthread '
LTLIBOBJS=''
OBJEXT='o'
PACKAGE_BUGREPORT='Andrew Waterman'
PACKAGE_NAME='RISC-V ISA Simulator'
PACKAGE_STRING='RISC-V ISA Simulator ?'
PACKAGE_TARNAME='spike'
PACKAGE_URL=''
PACKAGE_VERSION='?'
PATH_SEPARATOR=':'
RANLIB='ranlib'
SHELL='/bin/bash'
STOW_PREFIX=''
STOW_ROOT=''
ac_ct_CC='gcc'
ac_ct_CXX='g++'
bindir='${exec_prefix}/bin'
build='x86_64-pc-linux-gnu'
build_alias=''
build_cpu='x86_64'
build_os='linux-gnu'
build_vendor='pc'
datadir='${datarootdir}'
datarootdir='${prefix}/share'
docdir='${datarootdir}/doc/${PACKAGE_TARNAME}'
dvidir='${docdir}'
enable_stow='no'
exec_prefix='${prefix}'
host='x86_64-pc-linux-gnu'
host_alias=''
host_cpu='x86_64'
host_os='linux-gnu'
host_vendor='pc'
htmldir='${docdir}'
includedir='${prefix}/include'
infodir='${datarootdir}/info'
libdir='${exec_prefix}/lib'
libexecdir='${exec_prefix}/libexec'
localedir='${datarootdir}/locale'
localstatedir='${prefix}/var'
mandir='${datarootdir}/man'
oldincludedir='/usr/include'
pdfdir='${docdir}'
prefix='/home/mashahed/projects/cva6/cva6/riscv64-unknown-elf-gcc-8.3.0-2020.04.0-x86_64-linux-ubuntu14'
program_transform_name='s,x,x,'
psdir='${docdir}'
runstatedir='${localstatedir}/run'
sbindir='${exec_prefix}/sbin'
sharedstatedir='${prefix}/com'
subprojects=' fesvr riscv disasm customext fdt softfloat spike_main spike_dasm'
subprojects_enabled=' fesvr riscv disasm customext fdt softfloat spike_main spike_dasm'
sysconfdir='${prefix}/etc'
target_alias=''

## ----------- ##
## confdefs.h. ##
## ----------- ##

/* confdefs.h */
#define PACKAGE_NAME "RISC-V ISA Simulator"
#define PACKAGE_TARNAME "spike"
#define PACKAGE_VERSION "?"
#define PACKAGE_STRING "RISC-V ISA Simulator ?"
#define PACKAGE_BUGREPORT "Andrew Waterman"
#define PACKAGE_URL ""
#define DTC "dtc"
#define STDC_HEADERS 1
#define HAVE_SYS_TYPES_H 1
#define HAVE_SYS_STAT_H 1
#define HAVE_STDLIB_H 1
#define HAVE_STRING_H 1
#define HAVE_MEMORY_H 1
#define HAVE_STRINGS_H 1
#define HAVE_INTTYPES_H 1
#define HAVE_STDINT_H 1
#define HAVE_UNISTD_H 1
#define STDC_HEADERS 1
#define FESVR_ENABLED /**/
#define HAVE_LIBPTHREAD 1
#define RISCV_ENABLED /**/
#define DEFAULT_ISA "RV64IMAFDC"
#define DEFAULT_PRIV "MSU"
#define DEFAULT_VARCH "vlen:128,elen:64,slen:128"
#define HAVE_DLOPEN /**/
#define HAVE_LIBPTHREAD 1
#define DISASM_ENABLED /**/
#define CUSTOMEXT_ENABLED /**/
#define FDT_ENABLED /**/
#define SOFTFLOAT_ENABLED /**/
#define SPIKE_MAIN_ENABLED /**/
#define SPIKE_DASM_ENABLED /**/

configure: exit 0
