xrun: 21.03-s015: (c) Copyright 1995-2022 Cadence Design Systems, Inc.
TOOL:	xrun	21.03-s015: Started on Sep 25, 2023 at 22:09:11 EDT
xrun
	-access +rw
	TRNG_Top_tb_128.v
	TRNG_Top_128.v
	TRNG_Controller.v
	sha256_ip.v
	Data_Path_128.v
	sha256.v
	controller.v
	register.v
	Mux.v
Loading snapshot worklib.tb_TRNG_Top_128:v .................... Done
xcelium> source /apps/cds/xcelium2103/tools/xcelium/files/xmsimrc
xcelium> run

SRAM Data in 00000000000000000000000000000000000000000000000000000000000000000000000000000000000000000000000000000000000000000000000000000000000000000000000000000000000000000000000000000000000000000000000000000000000000000000000000000000000000000000000000000000000000000000000000000000000000000000000000000000000000000000000000000000000000000000000000000000000000000000000000000000000000000000000000000000000000000000000000000000000000000000000000000000000000000000000000000000000000000000000000000000000101100010101001111000

TRNG Output fb26f1b31816347c5324129e045c9500

SRAM Data in 00000000000000000000000000000000000000000000000000000000000000000000000000000000000000000000000000000000000000000000000000000000000000000000000000000000000000000000000000000000000000000000000000000000000000000000000000000000000000000000000000000000000000000000000000000000000000000000000000000000000000000000000000000000000000000000000000000000000000000000000000000000000000000000000000000000000000000000000000000000000000000000000000000000000000000000000000000000000000000000000000000000000001001110111110001000

TRNG Output 923975aa1ee6b9c7a67aad179a343afe

SRAM Data in 00000000000000000000000000000000000000000000000000000000000000000000000000000000000000000000000000000000000000000000000000000000000000000000000000000000000000000000000000000000000000000000000000000000000000000000000000000000000000000000000000000000000000000000000000000000000000000000000000000000000000000000000000000000000000000000000000000000000000000000000000000000000000000000000000000000000000000000000000000000000000000000000000000000000000000000000000000000000000000000000000000000000000000000000000000000

TRNG Output 5f5a111cf2816c4ba127bd434cc45de9
Simulation complete via $finish(1) at time 18260 NS + 0
./TRNG_Top_tb_128.v:119 		        $finish;	
xcelium> exit
TOOL:	xrun	21.03-s015: Exiting on Sep 25, 2023 at 22:09:12 EDT  (total: 00:00:01)
