xrun: 21.03-s015: (c) Copyright 1995-2022 Cadence Design Systems, Inc.
TOOL:	xrun	21.03-s015: Started on Oct 28, 2023 at 17:39:53 EDT
irun
	-access +rw
	aes_CTR_mode_tb_2.sv
	aes_CTR_mode.v
	aes_128.v
	round.v
	table.v
xrun: *W,NCEXDEP: Executable (irun) is deprecated. Use (xrun) instead.
Loading snapshot worklib.aes_CTR_mode_tb:sv .................... Done
xmsim: *W,DSEM2009: This SystemVerilog design is simulated as per IEEE 1800-2009 SystemVerilog simulation semantics. Use -disable_sem2009 option for turning off SV 2009 simulation semantics.
xcelium> source /apps/cds/xcelium2103/tools/xcelium/files/xmsimrc
xcelium> run
DONE simulation encryption
DONE simulating decrpytion.
DONE simulating.
Simulation complete via $finish(1) at time 2885 NS + 0
./aes_CTR_mode_tb_2.sv:127         $finish; 
xcelium> exit
TOOL:	xrun	21.03-s015: Exiting on Oct 28, 2023 at 17:39:53 EDT  (total: 00:00:00)
