    5470ns      266 M 0000000000010000 0 00100413 li             s0, 1                 s0  :0000000000000001
    5570ns      271 M 0000000000010004 0 01f41413 slli           s0, s0, 0x1f          s0  :0000000080000000 s0  :0000000000000001
    5670ns      276 M 0000000000010008 0 f1402573 csrr           a0, mhartid           a0  :0000000000000000
    5770ns      281 M 000000000001000c 0 00000597 auipc          a1, 0x0               a1  :000000000001000c
    5870ns      286 M 0000000000010010 0 07458593 addi           a1, a1, 116           a1  :0000000000010080 a1  :000000000001000c
    5970ns      291 M 0000000000010014 1 00040067 jalr           x0, s0, 0             s0  :0000000080000000
    6370ns      311 M 0000000080000000 0 470007b7 lui            a5, 0x47000           a5  :0000000047000000
    6410ns      313 M 0000000080000004 0 0000470d c.li           a4, 3                 a4  :0000000000000003
    6450ns      315 M 0000000080000006 0 1ae7a623 sw             a4, 428(a5)           a4  :0000000000000003 a5  :0000000047000000 VA: 00000000470001ac PA: 000000470001ac
    6450ns      315 M 000000008000000a 0 0000461d c.li           a2, 7                 a2  :0000000000000007
    6490ns      317 M 000000008000000c 0 0ec7a623 sw             a2, 236(a5)           a2  :0000000000000007 a5  :0000000047000000 VA: 00000000470000ec PA: 000000470000ec
    6790ns      332 M 0000000080000010 0 08e7a623 sw             a4, 140(a5)           a4  :0000000000000003 a5  :0000000047000000 VA: 000000004700008c PA: 0000004700008c
    6810ns      333 M 0000000080000014 0 03000693 li             a3, 48                a3  :0000000000000030
    6850ns      335 M 0000000080000018 0 0000c7d4 c.sw           a3, 12(a5)            a3  :0000000000000030 a5  :0000000047000000 VA: 000000004700000c PA: 0000004700000c
    6850ns      335 M 000000008000001a 0 00004685 c.li           a3, 1                 a3  :0000000000000001
    6890ns      337 M 000000008000001c 0 0000c7f4 c.sw           a3, 76(a5)            a3  :0000000000000001 a5  :0000000047000000 VA: 000000004700004c PA: 0000004700004c
    7410ns      363 M 000000008000001e 0 0e07aa23 sw             x0, 244(a5)           a5  :0000000047000000 VA: 00000000470000f4 PA: 000000470000f4
    7410ns      363 M 0000000080000022 0 00004595 c.li           a1, 5                 a1  :0000000000000005
    7450ns      365 M 0000000080000024 0 0eb7ae23 sw             a1, 252(a5)           a1  :0000000000000005 a5  :0000000047000000 VA: 00000000470000fc PA: 000000470000fc
    8190ns      402 M 0000000080000028 0 10c7aa23 sw             a2, 276(a5)           a2  :0000000000000007 a5  :0000000047000000 VA: 0000000047000114 PA: 00000047000114
    9070ns      446 M 000000008000002c 0 10e7a223 sw             a4, 260(a5)           a4  :0000000000000003 a5  :0000000047000000 VA: 0000000047000104 PA: 00000047000104
    9070ns      446 M 0000000080000030 0 00004709 c.li           a4, 2                 a4  :0000000000000002
    9230ns      454 M 0000000080000032 0 10e7a623 sw             a4, 268(a5)           a4  :0000000000000002 a5  :0000000047000000 VA: 000000004700010c PA: 0000004700010c
    9390ns      462 M 0000000080000036 0 0000c394 c.sw           a3, 0(a5)             a3  :0000000000000001 a5  :0000000047000000 VA: 0000000047000000 PA: 00000047000000
    9390ns      462 M 0000000080000038 0 47000737 lui            a4, 0x47000           a4  :0000000047000000
    9410ns      463 M 000000008000003c 0 00004685 c.li           a3, 1                 a3  :0000000000000001
   10370ns      511 M 000000008000003e 0 0e072783 lw             a5, 224(a4)           a5  :0000000000000000 a4  :0000000047000000 VA: 00000000470000e0 PA: 000000470000e0
   10390ns      512 M 0000000080000042 0 fef69ee3 bne            a3, a5, pc - 4        a3  :0000000000000001 a5  :0000000000000000
   10630ns      524 M 000000008000003e 0 0e072783 lw             a5, 224(a4)           a5  :0000000000000000 a4  :0000000047000000 VA: 00000000470000e0 PA: 000000470000e0
   10650ns      525 M 0000000080000042 0 fef69ee3 bne            a3, a5, pc - 4        a3  :0000000000000001 a5  :0000000000000000
   10890ns      537 M 000000008000003e 0 0e072783 lw             a5, 224(a4)           a5  :0000000000000000 a4  :0000000047000000 VA: 00000000470000e0 PA: 000000470000e0
   10910ns      538 M 0000000080000042 0 fef69ee3 bne            a3, a5, pc - 4        a3  :0000000000000001 a5  :0000000000000000
   12510ns      618 M 000000008000003e 0 0e072783 lw             a5, 224(a4)           a5  :0000000000000001 a4  :0000000047000000 VA: 00000000470000e0 PA: 000000470000e0
   12530ns      619 M 0000000080000042 1 fef69ee3 bne            a3, a5, pc - 4        a3  :0000000000000001 a5  :0000000000000001
   12670ns      626 M 0000000080000046 0 0000c354 c.sw           a3, 4(a4)             a3  :0000000000000001 a4  :0000000047000000 VA: 0000000047000004 PA: 00000047000004
   12670ns      626 M 0000000080000048 0 470007b7 lui            a5, 0x47000           a5  :0000000047000000
   13050ns      645 M 000000008000004c 0 0e47a703 lw             a4, 228(a5)           a4  :0000000000000000 a5  :0000000047000000 VA: 00000000470000e4 PA: 000000470000e4
   13090ns      647 M 0000000080000050 0 00002701 c.addiw        a4, a4, 0             a4  :0000000000000000 a4  :0000000000000000
   13110ns      648 M 0000000080000052 0 0000df6d c.beqz         a4, pc - 6            a4  :0000000000000000
   13350ns      660 M 000000008000004c 0 0e47a703 lw             a4, 228(a5)           a4  :0000000000000000 a5  :0000000047000000 VA: 00000000470000e4 PA: 000000470000e4
   13390ns      662 M 0000000080000050 0 00002701 c.addiw        a4, a4, 0             a4  :0000000000000000 a4  :0000000000000000
   13410ns      663 M 0000000080000052 0 0000df6d c.beqz         a4, pc - 6            a4  :0000000000000000
   14490ns      717 M 000000008000004c 0 0e47a703 lw             a4, 228(a5)           a4  :0000000000000000 a5  :0000000047000000 VA: 00000000470000e4 PA: 000000470000e4
   14530ns      719 M 0000000080000050 0 00002701 c.addiw        a4, a4, 0             a4  :0000000000000000 a4  :0000000000000000
   14550ns      720 M 0000000080000052 0 0000df6d c.beqz         a4, pc - 6            a4  :0000000000000000
   14790ns      732 M 000000008000004c 0 0e47a703 lw             a4, 228(a5)           a4  :0000000000000001 a5  :0000000047000000 VA: 00000000470000e4 PA: 000000470000e4
   14830ns      734 M 0000000080000050 0 00002701 c.addiw        a4, a4, 0             a4  :0000000000000001 a4  :0000000000000001
   14850ns      735 M 0000000080000052 0 0000df6d c.beqz         a4, pc - 6            a4  :0000000000000001
   16230ns      804 M 0000000080000054 0 12c7a683 lw             a3, 300(a5)           a3  :0000000000000006 a5  :0000000047000000 VA: 000000004700012c PA: 0000004700012c
   16230ns      804 M 0000000080000058 0 47000737 lui            a4, 0x47000           a4  :0000000047000000
   16270ns      806 M 000000008000005c 0 00002681 c.addiw        a3, a3, 0             a3  :0000000000000006 a3  :0000000000000006
   16310ns      808 M 000000008000005e 0 16d7a623 sw             a3, 364(a5)           a3  :0000000000000006 a5  :0000000047000000 VA: 000000004700016c PA: 0000004700016c
   17730ns      879 M 0000000080000062 0 1307a603 lw             a2, 304(a5)           a2  :0000000000000000 a5  :0000000047000000 VA: 0000000047000130 PA: 00000047000130
   17730ns      879 M 0000000080000066 0 00004685 c.li           a3, 1                 a3  :0000000000000001
   17770ns      881 M 0000000080000068 0 00002601 c.addiw        a2, a2, 0             a2  :0000000000000000 a2  :0000000000000000
   17810ns      883 M 000000008000006a 0 16c7a823 sw             a2, 368(a5)           a2  :0000000000000000 a5  :0000000047000000 VA: 0000000047000170 PA: 00000047000170
   18810ns      933 M 000000008000006e 0 1347a603 lw             a2, 308(a5)           a2  :0000000000000000 a5  :0000000047000000 VA: 0000000047000134 PA: 00000047000134
   18850ns      935 M 0000000080000072 0 00002601 c.addiw        a2, a2, 0             a2  :0000000000000000 a2  :0000000000000000
   18890ns      937 M 0000000080000074 0 16c7aa23 sw             a2, 372(a5)           a2  :0000000000000000 a5  :0000000047000000 VA: 0000000047000174 PA: 00000047000174
   19270ns      956 M 0000000080000078 0 1387a603 lw             a2, 312(a5)           a2  :0000000000000000 a5  :0000000047000000 VA: 0000000047000138 PA: 00000047000138
   19310ns      958 M 000000008000007c 0 00002601 c.addiw        a2, a2, 0             a2  :0000000000000000 a2  :0000000000000000
   19350ns      960 M 000000008000007e 0 16c7ac23 sw             a2, 376(a5)           a2  :0000000000000000 a5  :0000000047000000 VA: 0000000047000178 PA: 00000047000178
   21190ns     1052 M 0000000080000082 0 13c7a603 lw             a2, 316(a5)           a2  :0000000000000000 a5  :0000000047000000 VA: 000000004700013c PA: 0000004700013c
   21230ns     1054 M 0000000080000086 0 00002601 c.addiw        a2, a2, 0             a2  :0000000000000000 a2  :0000000000000000
   21270ns     1056 M 0000000080000088 0 16c7ae23 sw             a2, 380(a5)           a2  :0000000000000000 a5  :0000000047000000 VA: 000000004700017c PA: 0000004700017c
   21650ns     1075 M 000000008000008c 0 1407a603 lw             a2, 320(a5)           a2  :0000000000000000 a5  :0000000047000000 VA: 0000000047000140 PA: 00000047000140
   21690ns     1077 M 0000000080000090 0 00002601 c.addiw        a2, a2, 0             a2  :0000000000000000 a2  :0000000000000000
   21730ns     1079 M 0000000080000092 0 18c7a023 sw             a2, 384(a5)           a2  :0000000000000000 a5  :0000000047000000 VA: 0000000047000180 PA: 00000047000180
   22950ns     1140 M 0000000080000096 0 1447a603 lw             a2, 324(a5)           a2  :0000000000000000 a5  :0000000047000000 VA: 0000000047000144 PA: 00000047000144
   22990ns     1142 M 000000008000009a 0 00002601 c.addiw        a2, a2, 0             a2  :0000000000000000 a2  :0000000000000000
   23030ns     1144 M 000000008000009c 0 18c7a223 sw             a2, 388(a5)           a2  :0000000000000000 a5  :0000000047000000 VA: 0000000047000184 PA: 00000047000184
   24430ns     1214 M 00000000800000a0 0 1487a603 lw             a2, 328(a5)           a2  :0000000000000000 a5  :0000000047000000 VA: 0000000047000148 PA: 00000047000148
   24470ns     1216 M 00000000800000a4 0 00002601 c.addiw        a2, a2, 0             a2  :0000000000000000 a2  :0000000000000000
   24510ns     1218 M 00000000800000a6 0 18c7a423 sw             a2, 392(a5)           a2  :0000000000000000 a5  :0000000047000000 VA: 0000000047000188 PA: 00000047000188
   24890ns     1237 M 00000000800000aa 0 14c7a603 lw             a2, 332(a5)           a2  :0000000000000004 a5  :0000000047000000 VA: 000000004700014c PA: 0000004700014c
   24930ns     1239 M 00000000800000ae 0 00002601 c.addiw        a2, a2, 0             a2  :0000000000000004 a2  :0000000000000004
   24970ns     1241 M 00000000800000b0 0 18c7a623 sw             a2, 396(a5)           a2  :0000000000000004 a5  :0000000047000000 VA: 000000004700018c PA: 0000004700018c
   26550ns     1320 M 00000000800000b4 0 1507a603 lw             a2, 336(a5)           a2  :0000000000000000 a5  :0000000047000000 VA: 0000000047000150 PA: 00000047000150
   26590ns     1322 M 00000000800000b8 0 00002601 c.addiw        a2, a2, 0             a2  :0000000000000000 a2  :0000000000000000
   26630ns     1324 M 00000000800000ba 0 18c7a823 sw             a2, 400(a5)           a2  :0000000000000000 a5  :0000000047000000 VA: 0000000047000190 PA: 00000047000190
   27510ns     1368 M 00000000800000be 0 1547a603 lw             a2, 340(a5)           a2  :0000000000000000 a5  :0000000047000000 VA: 0000000047000154 PA: 00000047000154
   27550ns     1370 M 00000000800000c2 0 00002601 c.addiw        a2, a2, 0             a2  :0000000000000000 a2  :0000000000000000
   27590ns     1372 M 00000000800000c4 0 18c7aa23 sw             a2, 404(a5)           a2  :0000000000000000 a5  :0000000047000000 VA: 0000000047000194 PA: 00000047000194
   27970ns     1391 M 00000000800000c8 0 1587a603 lw             a2, 344(a5)           a2  :0000000000000000 a5  :0000000047000000 VA: 0000000047000158 PA: 00000047000158
   28010ns     1393 M 00000000800000cc 0 00002601 c.addiw        a2, a2, 0             a2  :0000000000000000 a2  :0000000000000000
   28050ns     1395 M 00000000800000ce 0 18c7ac23 sw             a2, 408(a5)           a2  :0000000000000000 a5  :0000000047000000 VA: 0000000047000198 PA: 00000047000198
   29090ns     1447 M 00000000800000d2 0 15c7a603 lw             a2, 348(a5)           a2  :0000000000000000 a5  :0000000047000000 VA: 000000004700015c PA: 0000004700015c
   29130ns     1449 M 00000000800000d6 0 00002601 c.addiw        a2, a2, 0             a2  :0000000000000000 a2  :0000000000000000
   29170ns     1451 M 00000000800000d8 0 18c7ae23 sw             a2, 412(a5)           a2  :0000000000000000 a5  :0000000047000000 VA: 000000004700019c PA: 0000004700019c
   29550ns     1470 M 00000000800000dc 0 1607a603 lw             a2, 352(a5)           a2  :0000000000000000 a5  :0000000047000000 VA: 0000000047000160 PA: 00000047000160
   29590ns     1472 M 00000000800000e0 0 00002601 c.addiw        a2, a2, 0             a2  :0000000000000000 a2  :0000000000000000
   29630ns     1474 M 00000000800000e2 0 1ac7a023 sw             a2, 416(a5)           a2  :0000000000000000 a5  :0000000047000000 VA: 00000000470001a0 PA: 000000470001a0
   30910ns     1538 M 00000000800000e6 0 1647a603 lw             a2, 356(a5)           a2  :0000000000000000 a5  :0000000047000000 VA: 0000000047000164 PA: 00000047000164
   30950ns     1540 M 00000000800000ea 0 00002601 c.addiw        a2, a2, 0             a2  :0000000000000000 a2  :0000000000000000
   30990ns     1542 M 00000000800000ec 0 1ac7a223 sw             a2, 420(a5)           a2  :0000000000000000 a5  :0000000047000000 VA: 00000000470001a4 PA: 000000470001a4
   31370ns     1561 M 00000000800000f0 0 1687a603 lw             a2, 360(a5)           a2  :0000000000000000 a5  :0000000047000000 VA: 0000000047000168 PA: 00000047000168
   31410ns     1563 M 00000000800000f4 0 00002601 c.addiw        a2, a2, 0             a2  :0000000000000000 a2  :0000000000000000
   31450ns     1565 M 00000000800000f6 0 1ac7a423 sw             a2, 424(a5)           a2  :0000000000000000 a5  :0000000047000000 VA: 00000000470001a8 PA: 000000470001a8
   31450ns     1565 M 00000000800000fa 0 00004605 c.li           a2, 1                 a2  :0000000000000001
   31490ns     1567 M 00000000800000fc 0 0000c790 c.sw           a2, 8(a5)             a2  :0000000000000001 a5  :0000000047000000 VA: 0000000047000008 PA: 00000047000008
   31990ns     1592 M 00000000800000fe 0 0e872783 lw             a5, 232(a4)           a5  :0000000000000000 a4  :0000000047000000 VA: 00000000470000e8 PA: 000000470000e8
   32010ns     1593 M 0000000080000102 0 fef69ee3 bne            a3, a5, pc - 4        a3  :0000000000000001 a5  :0000000000000000
   32250ns     1605 M 00000000800000fe 0 0e872783 lw             a5, 232(a4)           a5  :0000000000000000 a4  :0000000047000000 VA: 00000000470000e8 PA: 000000470000e8
   32270ns     1606 M 0000000080000102 0 fef69ee3 bne            a3, a5, pc - 4        a3  :0000000000000001 a5  :0000000000000000
   32510ns     1618 M 00000000800000fe 0 0e872783 lw             a5, 232(a4)           a5  :0000000000000000 a4  :0000000047000000 VA: 00000000470000e8 PA: 000000470000e8
   32530ns     1619 M 0000000080000102 0 fef69ee3 bne            a3, a5, pc - 4        a3  :0000000000000001 a5  :0000000000000000
   33130ns     1649 M 00000000800000fe 0 0e872783 lw             a5, 232(a4)           a5  :0000000000000000 a4  :0000000047000000 VA: 00000000470000e8 PA: 000000470000e8
   33150ns     1650 M 0000000080000102 0 fef69ee3 bne            a3, a5, pc - 4        a3  :0000000000000001 a5  :0000000000000000
   33390ns     1662 M 00000000800000fe 0 0e872783 lw             a5, 232(a4)           a5  :0000000000000000 a4  :0000000047000000 VA: 00000000470000e8 PA: 000000470000e8
   33410ns     1663 M 0000000080000102 0 fef69ee3 bne            a3, a5, pc - 4        a3  :0000000000000001 a5  :0000000000000000
   34690ns     1727 M 00000000800000fe 0 0e872783 lw             a5, 232(a4)           a5  :0000000000000000 a4  :0000000047000000 VA: 00000000470000e8 PA: 000000470000e8
   34710ns     1728 M 0000000080000102 1 fef69ee3 bne            a3, a5, pc - 4        a3  :0000000000000001 a5  :0000000000000000
   34990ns     1742 M 00000000800000fe 0 0e872783 lw             a5, 232(a4)           a5  :0000000000000000 a4  :0000000047000000 VA: 00000000470000e8 PA: 000000470000e8
   35010ns     1743 M 0000000080000102 0 fef69ee3 bne            a3, a5, pc - 4        a3  :0000000000000001 a5  :0000000000000000
   35250ns     1755 M 00000000800000fe 0 0e872783 lw             a5, 232(a4)           a5  :0000000000000001 a4  :0000000047000000 VA: 00000000470000e8 PA: 000000470000e8
   35270ns     1756 M 0000000080000102 1 fef69ee3 bne            a3, a5, pc - 4        a3  :0000000000000001 a5  :0000000000000001
   35430ns     1764 M 0000000080000106 0 00072423 sw             x0, 8(a4)             a4  :0000000047000000 VA: 0000000047000008 PA: 00000047000008
   35430ns     1764 M 000000008000010a 0 00004789 c.li           a5, 2                 a5  :0000000000000002
   35470ns     1766 M 000000008000010c 0 18f72623 sw             a5, 396(a4)           a5  :0000000000000002 a4  :0000000047000000 VA: 000000004700018c PA: 0000004700018c
   35490ns     1767 M 0000000080000110 0 18072823 sw             x0, 400(a4)           a4  :0000000047000000 VA: 0000000047000190 PA: 00000047000190
   35510ns     1768 M 0000000080000114 0 18072a23 sw             x0, 404(a4)           a4  :0000000047000000 VA: 0000000047000194 PA: 00000047000194
   35530ns     1769 M 0000000080000118 0 18072c23 sw             x0, 408(a4)           a4  :0000000047000000 VA: 0000000047000198 PA: 00000047000198
   35630ns     1774 M 000000008000011c 0 18072e23 sw             x0, 412(a4)           a4  :0000000047000000 VA: 000000004700019c PA: 0000004700019c
   36770ns     1831 M 0000000080000120 0 1a072023 sw             x0, 416(a4)           a4  :0000000047000000 VA: 00000000470001a0 PA: 000000470001a0
   38030ns     1894 M 0000000080000124 0 1a072223 sw             x0, 420(a4)           a4  :0000000047000000 VA: 00000000470001a4 PA: 000000470001a4
   39310ns     1958 M 0000000080000128 0 1a072423 sw             x0, 424(a4)           a4  :0000000047000000 VA: 00000000470001a8 PA: 000000470001a8
   39470ns     1966 M 000000008000012c 0 16d72623 sw             a3, 364(a4)           a3  :0000000000000001 a4  :0000000047000000 VA: 000000004700016c PA: 0000004700016c
   39630ns     1974 M 0000000080000130 0 16072823 sw             x0, 368(a4)           a4  :0000000047000000 VA: 0000000047000170 PA: 00000047000170
   39790ns     1982 M 0000000080000134 0 16072a23 sw             x0, 372(a4)           a4  :0000000047000000 VA: 0000000047000174 PA: 00000047000174
   39950ns     1990 M 0000000080000138 0 16072c23 sw             x0, 376(a4)           a4  :0000000047000000 VA: 0000000047000178 PA: 00000047000178
   40110ns     1998 M 000000008000013c 0 16072e23 sw             x0, 380(a4)           a4  :0000000047000000 VA: 000000004700017c PA: 0000004700017c
   40270ns     2006 M 0000000080000140 0 18072023 sw             x0, 384(a4)           a4  :0000000047000000 VA: 0000000047000180 PA: 00000047000180
   40430ns     2014 M 0000000080000144 0 18072223 sw             x0, 388(a4)           a4  :0000000047000000 VA: 0000000047000184 PA: 00000047000184
   40590ns     2022 M 0000000080000148 0 18072423 sw             x0, 392(a4)           a4  :0000000047000000 VA: 0000000047000188 PA: 00000047000188
   40590ns     2022 M 000000008000014c 0 00004685 c.li           a3, 1                 a3  :0000000000000001
   40610ns     2023 M 000000008000014e 0 47000737 lui            a4, 0x47000           a4  :0000000047000000
   41570ns     2071 M 0000000080000152 0 0d072783 lw             a5, 208(a4)           a5  :0000000000000001 a4  :0000000047000000 VA: 00000000470000d0 PA: 000000470000d0
   41590ns     2072 M 0000000080000156 1 fef69ee3 bne            a3, a5, pc - 4        a3  :0000000000000001 a5  :0000000000000001
   41730ns     2079 M 000000008000015a 0 0000c714 c.sw           a3, 8(a4)             a3  :0000000000000001 a4  :0000000047000000 VA: 0000000047000008 PA: 00000047000008
   41730ns     2079 M 000000008000015c 0 470006b7 lui            a3, 0x47000           a3  :0000000047000000
   42250ns     2105 M 0000000080000160 0 00004705 c.li           a4, 1                 a4  :0000000000000001
   42430ns     2114 M 0000000080000162 0 0e86a783 lw             a5, 232(a3)           a5  :0000000000000000 a3  :0000000047000000 VA: 00000000470000e8 PA: 000000470000e8
   42450ns     2115 M 0000000080000166 0 fef71ee3 bne            a4, a5, pc - 4        a4  :0000000000000001 a5  :0000000000000000
   43530ns     2169 M 0000000080000162 0 0e86a783 lw             a5, 232(a3)           a5  :0000000000000000 a3  :0000000047000000 VA: 00000000470000e8 PA: 000000470000e8
   43550ns     2170 M 0000000080000166 0 fef71ee3 bne            a4, a5, pc - 4        a4  :0000000000000001 a5  :0000000000000000
   43790ns     2182 M 0000000080000162 0 0e86a783 lw             a5, 232(a3)           a5  :0000000000000000 a3  :0000000047000000 VA: 00000000470000e8 PA: 000000470000e8
   43810ns     2183 M 0000000080000166 0 fef71ee3 bne            a4, a5, pc - 4        a4  :0000000000000001 a5  :0000000000000000
   44050ns     2195 M 0000000080000162 0 0e86a783 lw             a5, 232(a3)           a5  :0000000000000000 a3  :0000000047000000 VA: 00000000470000e8 PA: 000000470000e8
   44070ns     2196 M 0000000080000166 1 fef71ee3 bne            a4, a5, pc - 4        a4  :0000000000000001 a5  :0000000000000000
   44350ns     2210 M 0000000080000162 0 0e86a783 lw             a5, 232(a3)           a5  :0000000000000000 a3  :0000000047000000 VA: 00000000470000e8 PA: 000000470000e8
   44370ns     2211 M 0000000080000166 0 fef71ee3 bne            a4, a5, pc - 4        a4  :0000000000000001 a5  :0000000000000000
   44610ns     2223 M 0000000080000162 0 0e86a783 lw             a5, 232(a3)           a5  :0000000000000000 a3  :0000000047000000 VA: 00000000470000e8 PA: 000000470000e8
   44630ns     2224 M 0000000080000166 0 fef71ee3 bne            a4, a5, pc - 4        a4  :0000000000000001 a5  :0000000000000000
   44870ns     2236 M 0000000080000162 0 0e86a783 lw             a5, 232(a3)           a5  :0000000000000000 a3  :0000000047000000 VA: 00000000470000e8 PA: 000000470000e8
   44890ns     2237 M 0000000080000166 0 fef71ee3 bne            a4, a5, pc - 4        a4  :0000000000000001 a5  :0000000000000000
   45130ns     2249 M 0000000080000162 0 0e86a783 lw             a5, 232(a3)           a5  :0000000000000000 a3  :0000000047000000 VA: 00000000470000e8 PA: 000000470000e8
   45150ns     2250 M 0000000080000166 0 fef71ee3 bne            a4, a5, pc - 4        a4  :0000000000000001 a5  :0000000000000000
   45390ns     2262 M 0000000080000162 0 0e86a783 lw             a5, 232(a3)           a5  :0000000000000000 a3  :0000000047000000 VA: 00000000470000e8 PA: 000000470000e8
   45410ns     2263 M 0000000080000166 0 fef71ee3 bne            a4, a5, pc - 4        a4  :0000000000000001 a5  :0000000000000000
   45650ns     2275 M 0000000080000162 0 0e86a783 lw             a5, 232(a3)           a5  :0000000000000000 a3  :0000000047000000 VA: 00000000470000e8 PA: 000000470000e8
   45670ns     2276 M 0000000080000166 0 fef71ee3 bne            a4, a5, pc - 4        a4  :0000000000000001 a5  :0000000000000000
   45910ns     2288 M 0000000080000162 0 0e86a783 lw             a5, 232(a3)           a5  :0000000000000001 a3  :0000000047000000 VA: 00000000470000e8 PA: 000000470000e8
   45930ns     2289 M 0000000080000166 1 fef71ee3 bne            a4, a5, pc - 4        a4  :0000000000000001 a5  :0000000000000001
   46050ns     2295 M 000000008000016a 0 00004501 c.li           a0, 0                 a0  :0000000000000000
   46070ns     2296 M 000000008000016c 0 00008082 c.jr           x0, ra, 0             ra  :0000000000000000
Exception @  46090000, PC: 0000000000000000, Cause: Illegal Instruction, 
				tval: 0000000000000000
   47550ns     2370 M 0000000000010040 0 f1402573 csrr           a0, mhartid           a0  :0000000000000000
   47650ns     2375 M 0000000000010044 0 00000597 auipc          a1, 0x0               a1  :0000000000010044
   47750ns     2380 M 0000000000010048 0 03c58593 addi           a1, a1, 60            a1  :0000000000010080 a1  :0000000000010044
   47850ns     2385 M 000000000001004c 0 10500073 wfi                                 
